14:04:03: Creating resource group General
14:04:03: Creating resource group Internal
14:04:03: Creating resource group Autodetect
14:04:03: SceneManagerFactory for type 'DefaultSceneManager' registered.
14:04:03: Registering ResourceManager for type Material
14:04:03: Registering ResourceManager for type Mesh
14:04:03: Registering ResourceManager for type Skeleton
14:04:03: MovableObjectFactory for type 'ParticleSystem' registered.
14:04:03: ArchiveFactory for archive type FileSystem registered.
14:04:03: ArchiveFactory for archive type Zip registered.
14:04:03: ArchiveFactory for archive type EmbeddedZip registered.
14:04:03: DDS codec registering
14:04:03: FreeImage version: 3.15.1
14:04:03: This program uses FreeImage, a free, open source image library supporting all common bitmap formats. See http://freeimage.sourceforge.net for details
14:04:03: Supported formats: bmp,ico,jpg,jif,jpeg,jpe,jng,koa,iff,lbm,mng,pbm,pbm,pcd,pcx,pgm,pgm,png,ppm,ppm,ras,tga,targa,tif,tiff,wap,wbmp,wbm,psd,cut,xbm,xpm,gif,hdr,g3,sgi,exr,j2k,j2c,jp2,pfm,pct,pict,pic,3fr,arw,bay,bmq,cap,cine,cr2,crw,cs1,dc2,dcr,drf,dsc,dng,erf,fff,ia,iiq,k25,kc2,kdc,mdc,mef,mos,mrw,nef,nrw,orf,pef,ptx,pxn,qtk,raf,raw,rdc,rw2,rwl,rwz,sr2,srf,sti
14:04:03: Registering ResourceManager for type HighLevelGpuProgram
14:04:03: Registering ResourceManager for type Compositor
14:04:03: MovableObjectFactory for type 'Entity' registered.
14:04:03: MovableObjectFactory for type 'Light' registered.
14:04:03: MovableObjectFactory for type 'BillboardSet' registered.
14:04:03: MovableObjectFactory for type 'ManualObject' registered.
14:04:03: MovableObjectFactory for type 'BillboardChain' registered.
14:04:03: MovableObjectFactory for type 'RibbonTrail' registered.
14:04:03: *-*-* OGRE Initialising
14:04:03: *-*-* Version 1.9.0 (Ghadamon)
14:04:03: Loading library RenderSystem_GL
14:04:03: OGRE EXCEPTION(7:InternalErrorException): Could not load dynamic library RenderSystem_GL.  System Error: RenderSystem_GL.so.1.9.0: cannot open shared object file: No such file or directory in DynLib::load at /home/cxie/ogre/ogre/OgreMain/src/OgreDynLib.cpp (line 109)
14:04:03: *-*-* OGRE Shutdown
14:04:03: Unregistering ResourceManager for type Compositor
14:04:03: Unregistering ResourceManager for type Skeleton
14:04:03: Unregistering ResourceManager for type Mesh
14:04:03: Unregistering ResourceManager for type HighLevelGpuProgram
14:04:03: Unregistering ResourceManager for type Material
